<?xml version="1.0" encoding="UTF-8" ?>
<testsuite tests="44" failures="0" name="org.jfree.data.time.TimeSeriesTest" time="0.06" errors="0" skipped="0">
  <properties>
    <property name="java.runtime.name" value="Java(TM) SE Runtime Environment"/>
    <property name="sun.boot.library.path" value="/Library/Java/JavaVirtualMachines/jdk1.8.0_71.jdk/Contents/Home/jre/lib"/>
    <property name="java.vm.version" value="25.71-b15"/>
    <property name="user.country.format" value="CO"/>
    <property name="gopherProxySet" value="false"/>
    <property name="java.vm.vendor" value="Oracle Corporation"/>
    <property name="java.vendor.url" value="http://java.oracle.com/"/>
    <property name="path.separator" value=":"/>
    <property name="guice.disable.misplaced.annotation.check" value="true"/>
    <property name="java.vm.name" value="Java HotSpot(TM) 64-Bit Server VM"/>
    <property name="file.encoding.pkg" value="sun.io"/>
    <property name="user.country" value="ES"/>
    <property name="sun.java.launcher" value="SUN_STANDARD"/>
    <property name="sun.os.patch.level" value="unknown"/>
    <property name="java.vm.specification.name" value="Java Virtual Machine Specification"/>
    <property name="user.dir" value="/Users/natha9404/Documents/Desarrollo/Desarrollo/jfreechart-1.0.19"/>
    <property name="java.runtime.version" value="1.8.0_71-b15"/>
    <property name="java.awt.graphicsenv" value="sun.awt.CGraphicsEnvironment"/>
    <property name="java.endorsed.dirs" value="/Library/Java/JavaVirtualMachines/jdk1.8.0_71.jdk/Contents/Home/jre/lib/endorsed"/>
    <property name="os.arch" value="x86_64"/>
    <property name="java.io.tmpdir" value="/var/folders/_0/zlfq9p693gd0glg_8sv20nk00000gn/T/"/>
    <property name="line.separator" value="
"/>
    <property name="java.vm.specification.vendor" value="Oracle Corporation"/>
    <property name="os.name" value="Mac OS X"/>
    <property name="maven.ext.class.path" value="/Applications/NetBeans/NetBeans 8.1.app/Contents/Resources/NetBeans/java/maven-nblib/netbeans-eventspy.jar"/>
    <property name="classworlds.conf" value="/Applications/NetBeans/NetBeans 8.1.app/Contents/Resources/NetBeans/java/maven/bin/m2.conf"/>
    <property name="sun.jnu.encoding" value="UTF-8"/>
    <property name="java.library.path" value="/Users/natha9404/Library/Java/Extensions:/Library/Java/Extensions:/Network/Library/Java/Extensions:/System/Library/Java/Extensions:/usr/lib/java:."/>
    <property name="java.specification.name" value="Java Platform API Specification"/>
    <property name="java.class.version" value="52.0"/>
    <property name="sun.management.compiler" value="HotSpot 64-Bit Tiered Compilers"/>
    <property name="os.version" value="10.11"/>
    <property name="http.nonProxyHosts" value="local|*.local|169.254/16|*.169.254/16"/>
    <property name="user.home" value="/Users/natha9404"/>
    <property name="user.timezone" value="America/Bogota"/>
    <property name="java.awt.printerjob" value="sun.lwawt.macosx.CPrinterJob"/>
    <property name="java.specification.version" value="1.8"/>
    <property name="file.encoding" value="UTF-8"/>
    <property name="user.name" value="natha9404"/>
    <property name="java.class.path" value="/Applications/NetBeans/NetBeans 8.1.app/Contents/Resources/NetBeans/java/maven/boot/plexus-classworlds-2.4.jar"/>
    <property name="java.vm.specification.version" value="1.8"/>
    <property name="sun.arch.data.model" value="64"/>
    <property name="java.home" value="/Library/Java/JavaVirtualMachines/jdk1.8.0_71.jdk/Contents/Home/jre"/>
    <property name="sun.java.command" value="org.codehaus.plexus.classworlds.launcher.Launcher -Dmaven.ext.class.path=/Applications/NetBeans/NetBeans 8.1.app/Contents/Resources/NetBeans/java/maven-nblib/netbeans-eventspy.jar clean install"/>
    <property name="java.specification.vendor" value="Oracle Corporation"/>
    <property name="user.language" value="es"/>
    <property name="awt.toolkit" value="sun.lwawt.macosx.LWCToolkit"/>
    <property name="java.vm.info" value="mixed mode"/>
    <property name="java.version" value="1.8.0_71"/>
    <property name="java.ext.dirs" value="/Users/natha9404/Library/Java/Extensions:/Library/Java/JavaVirtualMachines/jdk1.8.0_71.jdk/Contents/Home/jre/lib/ext:/Library/Java/Extensions:/Network/Library/Java/Extensions:/System/Library/Java/Extensions:/usr/lib/java"/>
    <property name="sun.boot.class.path" value="/Library/Java/JavaVirtualMachines/jdk1.8.0_71.jdk/Contents/Home/jre/lib/resources.jar:/Library/Java/JavaVirtualMachines/jdk1.8.0_71.jdk/Contents/Home/jre/lib/rt.jar:/Library/Java/JavaVirtualMachines/jdk1.8.0_71.jdk/Contents/Home/jre/lib/sunrsasign.jar:/Library/Java/JavaVirtualMachines/jdk1.8.0_71.jdk/Contents/Home/jre/lib/jsse.jar:/Library/Java/JavaVirtualMachines/jdk1.8.0_71.jdk/Contents/Home/jre/lib/jce.jar:/Library/Java/JavaVirtualMachines/jdk1.8.0_71.jdk/Contents/Home/jre/lib/charsets.jar:/Library/Java/JavaVirtualMachines/jdk1.8.0_71.jdk/Contents/Home/jre/lib/jfr.jar:/Library/Java/JavaVirtualMachines/jdk1.8.0_71.jdk/Contents/Home/jre/classes"/>
    <property name="java.vendor" value="Oracle Corporation"/>
    <property name="maven.home" value="/Applications/NetBeans/NetBeans 8.1.app/Contents/Resources/NetBeans/java/maven"/>
    <property name="file.separator" value="/"/>
    <property name="java.vendor.url.bug" value="http://bugreport.sun.com/bugreport/"/>
    <property name="sun.cpu.endian" value="little"/>
    <property name="sun.io.unicode.encoding" value="UnicodeBig"/>
    <property name="socksNonProxyHosts" value="local|*.local|169.254/16|*.169.254/16"/>
    <property name="ftp.nonProxyHosts" value="local|*.local|169.254/16|*.169.254/16"/>
    <property name="sun.cpu.isalist" value=""/>
  </properties>
  <testcase classname="org.jfree.data.time.TimeSeriesTest" name="testEquals2" time="0"/>
  <testcase classname="org.jfree.data.time.TimeSeriesTest" name="testEquals3" time="0"/>
  <testcase classname="org.jfree.data.time.TimeSeriesTest" name="testGetIndex" time="0"/>
  <testcase classname="org.jfree.data.time.TimeSeriesTest" name="testGetMaxY2" time="0"/>
  <testcase classname="org.jfree.data.time.TimeSeriesTest" name="testGetMinY2" time="0"/>
  <testcase classname="org.jfree.data.time.TimeSeriesTest" name="testGetValue" time="0"/>
  <testcase classname="org.jfree.data.time.TimeSeriesTest" name="testUpdate_RegularTimePeriod" time="0.003"/>
  <testcase classname="org.jfree.data.time.TimeSeriesTest" name="testSerialization" time="0.003"/>
  <testcase classname="org.jfree.data.time.TimeSeriesTest" name="testAdd" time="0.001"/>
  <testcase classname="org.jfree.data.time.TimeSeriesTest" name="testClear" time="0.002"/>
  <testcase classname="org.jfree.data.time.TimeSeriesTest" name="testClone" time="0.001"/>
  <testcase classname="org.jfree.data.time.TimeSeriesTest" name="testCreateCopy1" time="0.001"/>
  <testcase classname="org.jfree.data.time.TimeSeriesTest" name="testCreateCopy2" time="0.001"/>
  <testcase classname="org.jfree.data.time.TimeSeriesTest" name="testCreateCopy3" time="0"/>
  <testcase classname="org.jfree.data.time.TimeSeriesTest" name="testBug3446965" time="0"/>
  <testcase classname="org.jfree.data.time.TimeSeriesTest" name="testAddOrUpdate" time="0.001"/>
  <testcase classname="org.jfree.data.time.TimeSeriesTest" name="testAddValue" time="0"/>
  <testcase classname="org.jfree.data.time.TimeSeriesTest" name="testGetMaxY" time="0.001"/>
  <testcase classname="org.jfree.data.time.TimeSeriesTest" name="testGetMinY" time="0.004"/>
  <testcase classname="org.jfree.data.time.TimeSeriesTest" name="testFindValueRange" time="0"/>
  <testcase classname="org.jfree.data.time.TimeSeriesTest" name="testFindValueRange2" time="0.001"/>
  <testcase classname="org.jfree.data.time.TimeSeriesTest" name="testRemoveAgedItems" time="0"/>
  <testcase classname="org.jfree.data.time.TimeSeriesTest" name="testSetMaximumItemCount" time="0.001"/>
  <testcase classname="org.jfree.data.time.TimeSeriesTest" name="testAdd_TimeSeriesDataItem" time="0.008"/>
  <testcase classname="org.jfree.data.time.TimeSeriesTest" name="testAddOrUpdate2" time="0"/>
  <testcase classname="org.jfree.data.time.TimeSeriesTest" name="testAddOrUpdate3" time="0.001"/>
  <testcase classname="org.jfree.data.time.TimeSeriesTest" name="testAddOrUpdate4" time="0.003"/>
  <testcase classname="org.jfree.data.time.TimeSeriesTest" name="testDelete_RegularTimePeriod" time="0"/>
  <testcase classname="org.jfree.data.time.TimeSeriesTest" name="testGetDataItem1" time="0.001"/>
  <testcase classname="org.jfree.data.time.TimeSeriesTest" name="testGetDataItem2" time="0"/>
  <testcase classname="org.jfree.data.time.TimeSeriesTest" name="testHashCode" time="0.001"/>
  <testcase classname="org.jfree.data.time.TimeSeriesTest" name="testDelete2" time="0"/>
  <testcase classname="org.jfree.data.time.TimeSeriesTest" name="testDelete3" time="0"/>
  <testcase classname="org.jfree.data.time.TimeSeriesTest" name="testClone2" time="0.001"/>
  <testcase classname="org.jfree.data.time.TimeSeriesTest" name="testDelete" time="0"/>
  <testcase classname="org.jfree.data.time.TimeSeriesTest" name="testEquals" time="0"/>
  <testcase classname="org.jfree.data.time.TimeSeriesTest" name="testBug1075255" time="0"/>
  <testcase classname="org.jfree.data.time.TimeSeriesTest" name="testRemoveAgedItems2" time="0.001"/>
  <testcase classname="org.jfree.data.time.TimeSeriesTest" name="testRemoveAgedItems3" time="0"/>
  <testcase classname="org.jfree.data.time.TimeSeriesTest" name="testRemoveAgedItems4" time="0"/>
  <testcase classname="org.jfree.data.time.TimeSeriesTest" name="testRemoveAgedItems5" time="0"/>
  <testcase classname="org.jfree.data.time.TimeSeriesTest" name="testSetKey" time="0.001"/>
  <testcase classname="org.jfree.data.time.TimeSeriesTest" name="testBug1832432" time="0"/>
  <testcase classname="org.jfree.data.time.TimeSeriesTest" name="testBug1864222" time="0.001"/>
</testsuite>